0 info it worked if it ends with ok
1 verbose cli [ '/usr/bin/nodejs',
1 verbose cli   '/usr/bin/npm',
1 verbose cli   'install',
1 verbose cli   '-g',
1 verbose cli   'heroku-cli' ]
2 info using npm@1.3.10
3 info using node@v0.10.25
4 verbose cache add [ 'heroku-cli', null ]
5 verbose cache add name=undefined spec="heroku-cli" args=["heroku-cli",null]
6 verbose parsed url { protocol: null,
6 verbose parsed url   slashes: null,
6 verbose parsed url   auth: null,
6 verbose parsed url   host: null,
6 verbose parsed url   port: null,
6 verbose parsed url   hostname: null,
6 verbose parsed url   hash: null,
6 verbose parsed url   search: null,
6 verbose parsed url   query: null,
6 verbose parsed url   pathname: 'heroku-cli',
6 verbose parsed url   path: 'heroku-cli',
6 verbose parsed url   href: 'heroku-cli' }
7 silly lockFile 2a633d17-heroku-cli heroku-cli
8 verbose lock heroku-cli /home/vishu/.npm/2a633d17-heroku-cli.lock
9 silly lockFile 2a633d17-heroku-cli heroku-cli
10 silly lockFile 2a633d17-heroku-cli heroku-cli
11 verbose addNamed [ 'heroku-cli', '' ]
12 verbose addNamed [ null, '*' ]
13 silly lockFile 93d219be-heroku-cli heroku-cli@
14 verbose lock heroku-cli@ /home/vishu/.npm/93d219be-heroku-cli.lock
15 silly addNameRange { name: 'heroku-cli', range: '*', hasData: false }
16 verbose url raw heroku-cli
17 verbose url resolving [ 'https://registry.npmjs.org/', './heroku-cli' ]
18 verbose url resolved https://registry.npmjs.org/heroku-cli
19 info trying registry request attempt 1 at 01:22:50
20 verbose etag "595fcce0-30b11"
21 http GET https://registry.npmjs.org/heroku-cli
22 http 304 https://registry.npmjs.org/heroku-cli
23 silly registry.get cb [ 304,
23 silly registry.get   { date: 'Sun, 09 Jul 2017 19:52:51 GMT',
23 silly registry.get     via: '1.1 varnish',
23 silly registry.get     'cache-control': 'max-age=300',
23 silly registry.get     etag: '"595fcce0-30b11"',
23 silly registry.get     age: '0',
23 silly registry.get     connection: 'keep-alive',
23 silly registry.get     'x-served-by': 'cache-sin18031-SIN',
23 silly registry.get     'x-cache': 'MISS',
23 silly registry.get     'x-cache-hits': '0',
23 silly registry.get     'x-timer': 'S1499629971.179196,VS0,VE143',
23 silly registry.get     vary: 'Accept-Encoding, Accept' } ]
24 verbose etag heroku-cli from cache
25 silly addNameRange number 2 { name: 'heroku-cli', range: '*', hasData: true }
26 silly addNameRange versions [ 'heroku-cli',
26 silly addNameRange   [ '6.0.0',
26 silly addNameRange     '6.0.1',
26 silly addNameRange     '6.0.2',
26 silly addNameRange     '6.0.7',
26 silly addNameRange     '6.1.4',
26 silly addNameRange     '6.1.5',
26 silly addNameRange     '6.1.6',
26 silly addNameRange     '6.1.7',
26 silly addNameRange     '6.2.0',
26 silly addNameRange     '6.2.1',
26 silly addNameRange     '6.3.0',
26 silly addNameRange     '6.3.1',
26 silly addNameRange     '6.4.0',
26 silly addNameRange     '6.4.1',
26 silly addNameRange     '6.5.0',
26 silly addNameRange     '6.5.1',
26 silly addNameRange     '6.5.2',
26 silly addNameRange     '6.5.3',
26 silly addNameRange     '6.5.4',
26 silly addNameRange     '6.5.5',
26 silly addNameRange     '6.6.0',
26 silly addNameRange     '6.6.2',
26 silly addNameRange     '6.6.5',
26 silly addNameRange     '6.6.7',
26 silly addNameRange     '6.6.8',
26 silly addNameRange     '6.6.9',
26 silly addNameRange     '6.6.10',
26 silly addNameRange     '6.6.11',
26 silly addNameRange     '6.6.12',
26 silly addNameRange     '6.6.13',
26 silly addNameRange     '6.6.14',
26 silly addNameRange     '6.6.15',
26 silly addNameRange     '6.6.16',
26 silly addNameRange     '6.6.17',
26 silly addNameRange     '6.6.18',
26 silly addNameRange     '6.6.19',
26 silly addNameRange     '6.7.0',
26 silly addNameRange     '6.7.1',
26 silly addNameRange     '6.7.2',
26 silly addNameRange     '6.7.3',
26 silly addNameRange     '6.7.4',
26 silly addNameRange     '6.8.0',
26 silly addNameRange     '6.8.1',
26 silly addNameRange     '6.8.2',
26 silly addNameRange     '6.8.3',
26 silly addNameRange     '6.8.4',
26 silly addNameRange     '6.8.5',
26 silly addNameRange     '6.9.0',
26 silly addNameRange     '6.9.1',
26 silly addNameRange     '6.9.2',
26 silly addNameRange     '6.9.3',
26 silly addNameRange     '6.9.4',
26 silly addNameRange     '6.9.5',
26 silly addNameRange     '6.9.6',
26 silly addNameRange     '6.9.7',
26 silly addNameRange     '6.10.0',
26 silly addNameRange     '6.10.1',
26 silly addNameRange     '6.10.2' ] ]
27 verbose addNamed [ 'heroku-cli', '6.10.2' ]
28 verbose addNamed [ '6.10.2', '6.10.2' ]
29 silly lockFile 37244cf3-heroku-cli-6-10-2 heroku-cli@6.10.2
30 verbose lock heroku-cli@6.10.2 /home/vishu/.npm/37244cf3-heroku-cli-6-10-2.lock
31 silly lockFile 37244cf3-heroku-cli-6-10-2 heroku-cli@6.10.2
32 silly lockFile 37244cf3-heroku-cli-6-10-2 heroku-cli@6.10.2
33 silly lockFile 93d219be-heroku-cli heroku-cli@
34 silly lockFile 93d219be-heroku-cli heroku-cli@
35 silly resolved [ { name: 'heroku-cli',
35 silly resolved     description: 'CLI to interact with Heroku',
35 silly resolved     version: '6.10.2',
35 silly resolved     author: { name: 'Jeff Dickey @dickeyxxx' },
35 silly resolved     bin: { heroku: 'bin/run' },
35 silly resolved     bugs: { url: 'https://github.com/heroku/cli/issues' },
35 silly resolved     'cli-engine':
35 silly resolved      { dirname: 'heroku',
35 silly resolved        bin: 'heroku',
35 silly resolved        node: '7.10.0',
35 silly resolved        defaultCommand: 'dashboard',
35 silly resolved        s3: [Object],
35 silly resolved        plugins: [Object] },
35 silly resolved     dependencies:
35 silly resolved      { 'cli-engine': '3.5.10',
35 silly resolved        'heroku-apps': '2.3.1',
35 silly resolved        'heroku-certs': '1.1.38',
35 silly resolved        'heroku-ci': '1.8.0',
35 silly resolved        'heroku-cli-addons': '1.2.21',
35 silly resolved        'heroku-cli-oauth': '2.0.13',
35 silly resolved        'heroku-cli-status': '4.0.0',
35 silly resolved        'heroku-fork': '4.1.22',
35 silly resolved        'heroku-git': '2.5.17',
35 silly resolved        'heroku-local': '5.1.16',
35 silly resolved        'heroku-orgs': '1.6.2',
35 silly resolved        'heroku-pg': '2.2.1',
35 silly resolved        'heroku-pipelines': '2.1.1',
35 silly resolved        'heroku-ps-exec': '1.0.1',
35 silly resolved        'heroku-redis': '1.2.14',
35 silly resolved        'heroku-run': '3.4.11',
35 silly resolved        'heroku-spaces': '2.9.2' },
35 silly resolved     files: [ 'bin' ],
35 silly resolved     homepage: 'https://cli.heroku.com',
35 silly resolved     keywords: [ 'heroku', 'heroku-cli-plugin' ],
35 silly resolved     license: 'ISC',
35 silly resolved     repository: { type: 'git', url: 'https://github.com/heroku/cli' },
35 silly resolved     scripts: { build: 'cli-build', release: 'cli-release' },
35 silly resolved     readme: 'Heroku CLI\n==========\n\n![Heroku logo](https://d4yt8xl9b7in.cloudfront.net/assets/home/logotype-heroku.png)\n\n[![Circle CI](https://circleci.com/gh/heroku/cli/tree/master.svg?style=svg)](https://circleci.com/gh/heroku/cli/tree/master)\n[![Build status](https://ci.appveyor.com/api/projects/status/ouee3b9d7jwkjcr1/branch/master?svg=true)](https://ci.appveyor.com/project/Heroku/cli/branch/master)\n[![Snap Status](https://build.snapcraft.io/badge/heroku/cli.svg)](https://build.snapcraft.io/user/heroku/cli)\n[![ISC License](https://img.shields.io/github/license/heroku/cli.svg)](https://github.com/heroku/cli/blob/master/LICENSE)\n\nThe Heroku CLI is used to manage Heroku apps from the command line.\n\nFor more about Heroku see <https://www.heroku.com/home>\n\nTo get started see <https://devcenter.heroku.com/start>\n\nOverview\n========\n\nThis is the next generation Node-based Heroku CLI.  The goals of this project were to make plugins more flexible, remove Ruby as a runtime dependency, and make the CLI faster.\n\nIt has identical functionality to the old Ruby CLI. Under the hood, it is a modular CLI made up of node.js plugins.\n\nFor more on developing plugins, read [Developing CLI Plugins](https://devcenter.heroku.com/articles/developing-cli-plugins)\n\nIssues\n======\n\nFor problems directly related to the CLI, [add an issue on GitHub](https://github.com/heroku/cli/issues/new).\n\nFor other issues, [submit a support ticket](https://help.heroku.com/).\n\n[Contributors](https://github.com/heroku/cli/contributors)\n\nDeveloping\n==========\n\nDeveloping the CLI locally requires node.\n\nThe bulk of the code for this project lives at [heroku/cli-engine](https://github.com/heroku/cli-engine) and its dependencies.\n\nTo run the CLI locally, use the `./bin/run` script.\n\n**Alpha build note:** To make the run script operable, you must use yarn >= 0.21.3. After the initial project `yarn install`, do the following:\n\n```\ncd ./node_modules/cli-engine\nyarn install\nyarn prepare\n```\n',
35 silly resolved     readmeFilename: 'README.md',
35 silly resolved     _id: 'heroku-cli@6.10.2',
35 silly resolved     _from: 'heroku-cli@' } ]
36 info install heroku-cli@6.10.2 into /usr/local/lib
37 info installOne heroku-cli@6.10.2
38 info /usr/local/lib/node_modules/heroku-cli unbuild
39 verbose tar unpack /home/vishu/.npm/heroku-cli/6.10.2/package.tgz
40 silly lockFile fc019f02-ocal-lib-node-modules-heroku-cli tar:///usr/local/lib/node_modules/heroku-cli
41 verbose lock tar:///usr/local/lib/node_modules/heroku-cli /home/vishu/.npm/fc019f02-ocal-lib-node-modules-heroku-cli.lock
42 silly lockFile e4a43602-pm-heroku-cli-6-10-2-package-tgz tar:///home/vishu/.npm/heroku-cli/6.10.2/package.tgz
43 verbose lock tar:///home/vishu/.npm/heroku-cli/6.10.2/package.tgz /home/vishu/.npm/e4a43602-pm-heroku-cli-6-10-2-package-tgz.lock
44 silly gunzTarPerm modes [ '755', '644' ]
45 error Error: EACCES, mkdir '/usr/local/lib/node_modules/heroku-cli'
45 error  { [Error: EACCES, mkdir '/usr/local/lib/node_modules/heroku-cli']
45 error   errno: 3,
45 error   code: 'EACCES',
45 error   path: '/usr/local/lib/node_modules/heroku-cli',
45 error   fstream_type: 'Directory',
45 error   fstream_path: '/usr/local/lib/node_modules/heroku-cli',
45 error   fstream_class: 'DirWriter',
45 error   fstream_stack:
45 error    [ '/usr/lib/nodejs/fstream/lib/dir-writer.js:36:23',
45 error      '/usr/lib/nodejs/mkdirp/index.js:37:53',
45 error      'Object.oncomplete (fs.js:107:15)' ] }
46 error Please try running this command again as root/Administrator.
47 error System Linux 3.13.0-24-generic
48 error command "/usr/bin/nodejs" "/usr/bin/npm" "install" "-g" "heroku-cli"
49 error cwd /home/vishu/Desktop/hostle project/hostel-room-allotment1
50 error node -v v0.10.25
51 error npm -v 1.3.10
52 error path /usr/local/lib/node_modules/heroku-cli
53 error fstream_path /usr/local/lib/node_modules/heroku-cli
54 error fstream_type Directory
55 error fstream_class DirWriter
56 error code EACCES
57 error errno 3
58 error stack Error: EACCES, mkdir '/usr/local/lib/node_modules/heroku-cli'
59 error fstream_stack /usr/lib/nodejs/fstream/lib/dir-writer.js:36:23
59 error fstream_stack /usr/lib/nodejs/mkdirp/index.js:37:53
59 error fstream_stack Object.oncomplete (fs.js:107:15)
60 verbose exit [ 3, true ]
